{
  "stats": {
    "suites": 1,
    "tests": 2,
    "passes": 2,
    "pending": 0,
    "failures": 0,
    "start": "2023-02-27T14:57:44.910Z",
    "end": "2023-02-27T14:57:49.069Z",
    "duration": 4159,
    "testsRegistered": 2,
    "passPercent": 100,
    "pendingPercent": 0,
    "other": 0,
    "hasOther": false,
    "skipped": 0,
    "hasSkipped": false
  },
  "results": [
    {
      "uuid": "f73d634a-3f17-46c1-8a4d-06577f4a70c0",
      "title": "",
      "fullFile": "cypress/integration/checkout.ts",
      "file": "cypress/integration/checkout.ts",
      "beforeHooks": [],
      "afterHooks": [],
      "tests": [],
      "suites": [
        {
          "uuid": "b2d7722c-5a20-4d91-aaa2-4b2dd2f25cba",
          "title": "Checkout Feature",
          "fullFile": "",
          "file": "",
          "beforeHooks": [],
          "afterHooks": [],
          "tests": [
            {
              "title": "User can not checkout without fill all field on Checkout: Your Information page",
              "fullTitle": "Checkout Feature User can not checkout without fill all field on Checkout: Your Information page",
              "timedOut": null,
              "duration": 1479,
              "state": "passed",
              "speed": "fast",
              "pass": true,
              "fail": false,
              "pending": false,
              "context": null,
              "code": "checkoutPage.emptyCheckoutForm();\ncheckoutPage.clickContinue();\ncheckoutPage.verifyErrorAlertMessage();\ncy.then(function () {\n    expect(this.errMsg).to.equal('Error: First Name is required');\n});",
              "err": {},
              "uuid": "b1f11081-0ef4-4bbd-b6c2-e390f10c2680",
              "parentUUID": "b2d7722c-5a20-4d91-aaa2-4b2dd2f25cba",
              "isHook": false,
              "skipped": false
            },
            {
              "title": "User can checkout with fill all field on Checkout: Your Information page",
              "fullTitle": "Checkout Feature User can checkout with fill all field on Checkout: Your Information page",
              "timedOut": null,
              "duration": 2020,
              "state": "passed",
              "speed": "fast",
              "pass": true,
              "fail": false,
              "pending": false,
              "context": null,
              "code": "checkoutPage.fillCheckoutForm();\ncheckoutPage.clickContinue();\ncheckoutPage.verifyCheckoutOverview();\ncheckoutPage.clickFinish();\ncheckoutPage.verifyCheckoutComplete();",
              "err": {},
              "uuid": "18808920-755a-4d87-962f-d01bf536eafb",
              "parentUUID": "b2d7722c-5a20-4d91-aaa2-4b2dd2f25cba",
              "isHook": false,
              "skipped": false
            }
          ],
          "suites": [],
          "passes": [
            "b1f11081-0ef4-4bbd-b6c2-e390f10c2680",
            "18808920-755a-4d87-962f-d01bf536eafb"
          ],
          "failures": [],
          "pending": [],
          "skipped": [],
          "duration": 3499,
          "root": false,
          "rootEmpty": false,
          "_timeout": 2000
        }
      ],
      "passes": [],
      "failures": [],
      "pending": [],
      "skipped": [],
      "duration": 0,
      "root": true,
      "rootEmpty": true,
      "_timeout": 2000
    }
  ],
  "meta": {
    "mocha": {
      "version": "7.0.1"
    },
    "mochawesome": {
      "options": {
        "quiet": false,
        "reportFilename": "mochawesome",
        "saveHtml": false,
        "saveJson": true,
        "consoleReporter": "spec",
        "useInlineDiffs": false,
        "code": true
      },
      "version": "7.1.3"
    },
    "marge": {
      "options": {
        "chart": true,
        "overwrite": false,
        "html": false,
        "json": true,
        "reportDir": "cypress/reports"
      },
      "version": "6.2.0"
    }
  }
}