{
  "stats": {
    "suites": 1,
    "tests": 2,
    "passes": 2,
    "pending": 0,
    "failures": 0,
    "start": "2023-02-27T14:50:52.825Z",
    "end": "2023-02-27T14:50:57.010Z",
    "duration": 4185,
    "testsRegistered": 2,
    "passPercent": 100,
    "pendingPercent": 0,
    "other": 0,
    "hasOther": false,
    "skipped": 0,
    "hasSkipped": false
  },
  "results": [
    {
      "uuid": "f31705fc-4edb-447a-a29e-a5a36f6ed3a6",
      "title": "",
      "fullFile": "cypress/integration/checkout.ts",
      "file": "cypress/integration/checkout.ts",
      "beforeHooks": [],
      "afterHooks": [],
      "tests": [],
      "suites": [
        {
          "uuid": "3448dee4-a070-4c1b-8b49-ffca57428fce",
          "title": "Checkout Feature",
          "fullFile": "",
          "file": "",
          "beforeHooks": [],
          "afterHooks": [],
          "tests": [
            {
              "title": "User can not checkout without fill all field on Checkout: Your Information page",
              "fullTitle": "Checkout Feature User can not checkout without fill all field on Checkout: Your Information page",
              "timedOut": null,
              "duration": 1500,
              "state": "passed",
              "speed": "fast",
              "pass": true,
              "fail": false,
              "pending": false,
              "context": null,
              "code": "checkoutPage.emptyCheckoutForm();\ncheckoutPage.clickContinue();\ncheckoutPage.verifyErrorAlertMessage();\ncy.then(function () {\n    expect(this.errMsg).to.equal('Error: First Name is required');\n});",
              "err": {},
              "uuid": "0c174ac1-c5c3-465b-8780-cb5ef3830522",
              "parentUUID": "3448dee4-a070-4c1b-8b49-ffca57428fce",
              "isHook": false,
              "skipped": false
            },
            {
              "title": "User can checkout with fill all field on Checkout: Your Information page",
              "fullTitle": "Checkout Feature User can checkout with fill all field on Checkout: Your Information page",
              "timedOut": null,
              "duration": 2030,
              "state": "passed",
              "speed": "fast",
              "pass": true,
              "fail": false,
              "pending": false,
              "context": null,
              "code": "checkoutPage.fillCheckoutForm();\ncheckoutPage.clickContinue();\ncheckoutPage.verifyCheckoutOverview();\ncheckoutPage.clickFinish();\ncheckoutPage.verifyCheckoutComplete();",
              "err": {},
              "uuid": "bdddb353-acb9-4614-b337-07e2e650ad6e",
              "parentUUID": "3448dee4-a070-4c1b-8b49-ffca57428fce",
              "isHook": false,
              "skipped": false
            }
          ],
          "suites": [],
          "passes": [
            "0c174ac1-c5c3-465b-8780-cb5ef3830522",
            "bdddb353-acb9-4614-b337-07e2e650ad6e"
          ],
          "failures": [],
          "pending": [],
          "skipped": [],
          "duration": 3530,
          "root": false,
          "rootEmpty": false,
          "_timeout": 2000
        }
      ],
      "passes": [],
      "failures": [],
      "pending": [],
      "skipped": [],
      "duration": 0,
      "root": true,
      "rootEmpty": true,
      "_timeout": 2000
    }
  ],
  "meta": {
    "mocha": {
      "version": "7.0.1"
    },
    "mochawesome": {
      "options": {
        "quiet": false,
        "reportFilename": "mochawesome",
        "saveHtml": false,
        "saveJson": true,
        "consoleReporter": "spec",
        "useInlineDiffs": false,
        "code": true
      },
      "version": "7.1.3"
    },
    "marge": {
      "options": {
        "chart": true,
        "overwrite": false,
        "html": false,
        "json": true,
        "reportDir": "cypress/reports"
      },
      "version": "6.2.0"
    }
  }
}